<?xml version="1.0" encoding="UTF-8"?>
<!-- Generated by org.testng.reporters.JUnitReportReporter -->
<testsuite hostname="DESKTOP-SJSFUQ5" failures="0" tests="3" name="test.HomeLoan" time="0.005" errors="0" timestamp="2024-03-14T23:09:41 IST" skipped="0">
  <testcase classname="test.HomeLoan" name="WeblogInHomeLoan" time="0.001"/>
  <system-out/>
  <testcase classname="test.HomeLoan" name="MobilelogInHomeLoan" time="0.002"/>
  <system-out/>
  <testcase classname="test.HomeLoan" name="LogInApiHomeLoan" time="0.002"/>
  <system-out/>
</testsuite> <!-- test.HomeLoan -->
