<?xml version="1.0" encoding="UTF-8"?>
<!-- Generated by org.testng.reporters.JUnitReportReporter -->
<testsuite hostname="DESKTOP-SJSFUQ5" failures="0" tests="5" name="test.HelperAttribute" time="0.014" errors="0" timestamp="2024-03-14T23:04:18 IST" skipped="1">
  <testcase classname="test.HelperAttribute" name="MobilelogInCarLoan" time="0.002"/>
  <system-out/>
  <testcase classname="test.HelperAttribute" name="ApiCarLoan" time="0.009"/>
  <system-out/>
  <testcase classname="test.HelperAttribute" name="LogInApiCarLoan" time="0.001"/>
  <system-out/>
  <testcase classname="test.HelperAttribute" name="WeblogInCarLoan" time="0.002"/>
  <system-out/>
  <testcase classname="test.HelperAttribute" name="LogOutApiCarLoan">
    <skipped/>
  </testcase> <!-- LogOutApiCarLoan -->
  <system-out/>
</testsuite> <!-- test.HelperAttribute -->
