<?xml version="1.0" encoding="UTF-8"?>
<!-- Generated by org.testng.reporters.JUnitReportReporter -->
<testsuite hostname="DESKTOP-SJSFUQ5" failures="0" tests="3" name="test.CarLoan" time="0.009" errors="0" timestamp="2024-03-14T23:09:41 IST" skipped="0">
  <testcase classname="test.CarLoan" name="SmokeLogInApiCarLoan" time="0.002"/>
  <system-out/>
  <testcase classname="test.CarLoan" name="LogInApiCarLoan" time="0.006"/>
  <system-out/>
  <testcase classname="test.CarLoan" name="WeblogInCarLoan" time="0.001"/>
  <system-out/>
</testsuite> <!-- test.CarLoan -->
