<?xml version="1.0" encoding="UTF-8"?>
<!-- Generated by org.testng.reporters.JUnitReportReporter -->
<testsuite hostname="DESKTOP-SJSFUQ5" failures="0" tests="2" name="test.Basics" time="0.009" errors="0" timestamp="2024-03-14T18:46:49 IST" skipped="0">
  <testcase classname="test.Basics" name="PersonalLon" time="0.001"/>
  <system-out/>
  <testcase classname="test.Basics" name="DemoPersonalLon" time="0.008"/>
  <system-out/>
</testsuite> <!-- test.Basics -->
