<?xml version="1.0" encoding="UTF-8"?>
<!-- Generated by org.testng.reporters.JUnitReportReporter -->
<testsuite hostname="DESKTOP-SJSFUQ5" failures="0" tests="2" name="test.PersonalLoan" time="0.007" errors="0" timestamp="2024-03-14T23:09:41 IST" skipped="0">
  <testcase classname="test.PersonalLoan" name="PLoan" time="0.005"/>
  <system-out/>
  <testcase classname="test.PersonalLoan" name="SmokePLoan" time="0.002"/>
  <system-out/>
</testsuite> <!-- test.PersonalLoan -->
